2017-11-28 16:09:38,274 INFO o.a.j.u.JMeterUtils: Setting Locale to en_US
2017-11-28 16:09:38,288 INFO o.a.j.JMeter: Loading user properties from: user.properties
2017-11-28 16:09:38,289 INFO o.a.j.JMeter: Loading system properties from: system.properties
2017-11-28 16:09:38,289 INFO o.a.j.JMeter: Setting JMeter property: jmeter.save.saveservice.output_format=xml
2017-11-28 16:09:38,294 INFO o.a.j.JMeter: Copyright (c) 1998-2017 The Apache Software Foundation
2017-11-28 16:09:38,294 INFO o.a.j.JMeter: Version 3.3 r1808647
2017-11-28 16:09:38,294 INFO o.a.j.JMeter: java.version=1.8.0_144
2017-11-28 16:09:38,294 INFO o.a.j.JMeter: java.vm.name=Java HotSpot(TM) Client VM
2017-11-28 16:09:38,294 INFO o.a.j.JMeter: os.name=Windows 10
2017-11-28 16:09:38,294 INFO o.a.j.JMeter: os.arch=x86
2017-11-28 16:09:38,294 INFO o.a.j.JMeter: os.version=10.0
2017-11-28 16:09:38,294 INFO o.a.j.JMeter: file.encoding=Cp1252
2017-11-28 16:09:38,294 INFO o.a.j.JMeter: Max memory     =536870912
2017-11-28 16:09:38,295 INFO o.a.j.JMeter: Available Processors =4
2017-11-28 16:09:38,299 INFO o.a.j.JMeter: Default Locale=English (United States)
2017-11-28 16:09:38,300 INFO o.a.j.JMeter: JMeter  Locale=English (United States)
2017-11-28 16:09:38,300 INFO o.a.j.JMeter: JMeterHome=C:\Devops\Devops Toolkit\apache-jmeter-3.3\apache-jmeter-3.3
2017-11-28 16:09:38,300 INFO o.a.j.JMeter: user.dir  =C:\Devops\Devops Toolkit\apache-jmeter-3.3\apache-jmeter-3.3\bin
2017-11-28 16:09:38,302 INFO o.a.j.JMeter: PWD       =C:\Devops\Devops Toolkit\apache-jmeter-3.3\apache-jmeter-3.3\bin
2017-11-28 16:09:38,304 INFO o.a.j.JMeter: IP: 10.0.75.1 Name: USHYDRMADARI3 FullName: USHYDRMADARI3.us.deloitte.com
2017-11-28 16:09:38,308 INFO o.a.j.s.FileServer: Default base='C:\Devops\Devops Toolkit\apache-jmeter-3.3\apache-jmeter-3.3\bin'
2017-11-28 16:09:38,308 INFO o.a.j.s.FileServer: Set new base='C:\Devops\Devops Toolkit'
2017-11-28 16:09:38,530 INFO o.a.j.s.SaveService: Testplan (JMX) version: 2.2. Testlog (JTL) version: 2.2
2017-11-28 16:09:38,546 INFO o.a.j.s.SaveService: Using SaveService properties file encoding UTF-8
2017-11-28 16:09:38,555 INFO o.a.j.s.SaveService: Using SaveService properties version 3.2
2017-11-28 16:09:38,561 INFO o.a.j.s.SaveService: Loading file: C:\Devops\Devops Toolkit\AmazonIndia.jmx
2017-11-28 16:09:38,643 INFO o.a.j.p.h.s.HTTPSamplerBase: Parser for text/html is org.apache.jmeter.protocol.http.parser.LagartoBasedHtmlParser
2017-11-28 16:09:38,643 INFO o.a.j.p.h.s.HTTPSamplerBase: Parser for application/xhtml+xml is org.apache.jmeter.protocol.http.parser.LagartoBasedHtmlParser
2017-11-28 16:09:38,644 INFO o.a.j.p.h.s.HTTPSamplerBase: Parser for application/xml is org.apache.jmeter.protocol.http.parser.LagartoBasedHtmlParser
2017-11-28 16:09:38,644 INFO o.a.j.p.h.s.HTTPSamplerBase: Parser for text/xml is org.apache.jmeter.protocol.http.parser.LagartoBasedHtmlParser
2017-11-28 16:09:38,644 INFO o.a.j.p.h.s.HTTPSamplerBase: Parser for text/vnd.wap.wml is org.apache.jmeter.protocol.http.parser.RegexpHTMLParser
2017-11-28 16:09:38,644 INFO o.a.j.p.h.s.HTTPSamplerBase: Parser for text/css is org.apache.jmeter.protocol.http.parser.CssParser
2017-11-28 16:09:38,672 INFO o.a.j.JMeter: Creating summariser <summary>
2017-11-28 16:09:38,677 INFO o.a.j.e.StandardJMeterEngine: Running the test!
2017-11-28 16:09:38,678 INFO o.a.j.s.SampleEvent: List of sample_variables: []
2017-11-28 16:09:38,678 INFO o.a.j.s.SampleEvent: List of sample_variables: []
2017-11-28 16:09:38,686 INFO o.a.j.e.u.CompoundVariable: Note: Function class names must contain the string: '.functions.'
2017-11-28 16:09:38,686 INFO o.a.j.e.u.CompoundVariable: Note: Function class names must not contain the string: '.gui.'
2017-11-28 16:09:39,062 INFO o.a.j.JMeter: Running test (1511865579062)
2017-11-28 16:09:39,101 INFO o.a.j.e.StandardJMeterEngine: Starting ThreadGroup: 1 : Tesing.inpage
2017-11-28 16:09:39,102 INFO o.a.j.e.StandardJMeterEngine: Starting 1 threads for group Tesing.inpage.
2017-11-28 16:09:39,102 INFO o.a.j.e.StandardJMeterEngine: Thread will continue on error
2017-11-28 16:09:39,102 INFO o.a.j.t.ThreadGroup: Starting thread group... number=1 threads=1 ramp-up=1 perThread=1000.0 delayedStart=false
2017-11-28 16:09:39,107 INFO o.a.j.t.ThreadGroup: Started thread group number 1
2017-11-28 16:09:39,107 INFO o.a.j.e.StandardJMeterEngine: All thread groups have been started
2017-11-28 16:09:39,110 INFO o.a.j.t.JMeterThread: Thread started: Tesing.inpage 1-1
2017-11-28 16:09:39,130 INFO o.a.j.p.h.s.HTTPHCAbstractImpl: Local host = USHYDRMADARI3
2017-11-28 16:09:39,140 INFO o.a.j.p.h.s.HTTPHC4Impl: HTTP request retry count = 0
2017-11-28 16:09:39,149 INFO o.a.j.s.SampleResult: Note: Sample TimeStamps are START times
2017-11-28 16:09:39,149 INFO o.a.j.s.SampleResult: sampleresult.default.encoding is set to ISO-8859-1
2017-11-28 16:09:39,149 INFO o.a.j.s.SampleResult: sampleresult.useNanoTime=true
2017-11-28 16:09:39,149 INFO o.a.j.s.SampleResult: sampleresult.nanoThreadSleep=5000
2017-11-28 16:09:39,687 INFO o.a.j.p.h.s.LazySchemeSocketFactory: Setting up HTTPS TrustAll Socket Factory
2017-11-28 16:09:39,693 INFO o.a.j.u.JsseSSLManager: Using default SSL protocol: TLS
2017-11-28 16:09:39,693 INFO o.a.j.u.JsseSSLManager: SSL session context: per-thread
2017-11-28 16:09:40,304 INFO o.a.j.u.SSLManager: JmeterKeyStore Location:  type JKS
2017-11-28 16:09:40,305 INFO o.a.j.u.SSLManager: KeyStore created OK
2017-11-28 16:09:40,305 WARN o.a.j.u.SSLManager: Keystore file not found, loading empty keystore
2017-11-28 16:09:48,380 INFO o.a.j.t.JMeterThread: Thread is done: Tesing.inpage 1-1
2017-11-28 16:09:48,380 INFO o.a.j.t.JMeterThread: Thread finished: Tesing.inpage 1-1
2017-11-28 16:09:48,381 INFO o.a.j.e.StandardJMeterEngine: Notifying test listeners of end of test
2017-11-28 16:09:48,383 INFO o.a.j.r.Summariser: summary =      4 in 00:00:09 =    0.4/s Avg:  2298 Min:   996 Max:  3672 Err:     0 (0.00%)
